<?xml version="1.0" encoding="UTF-8"?>
<testng-results skipped="1" failed="0" ignored="0" total="3" passed="2">
  <reporter-output>
  </reporter-output>
  <suite name="Suite" duration-ms="29664" started-at="2020-08-11T12:16:52Z" finished-at="2020-08-11T12:17:21Z">
    <groups>
    </groups>
    <test name="ChromeBrowser" duration-ms="236" started-at="2020-08-11T12:16:52Z" finished-at="2020-08-11T12:16:52Z">
      <class name="parallelTestNG.MultipleBrowserTest">
        <test-method status="FAIL" signature="setUp(java.lang.String)[pri:0, instance:parallelTestNG.MultipleBrowserTest@234bef66]" name="setUp" is-config="true" duration-ms="147" started-at="2020-08-11T12:16:52Z" finished-at="2020-08-11T12:16:52Z">
          <params>
            <param index="0">
              <value>
                <![CDATA[chrome]]>
              </value>
            </param>
          </params>
          <exception class="java.lang.IllegalStateException">
            <message>
              <![CDATA[The driver executable does not exist: D:\Selenium\Selenium Browsers Jars\Chrome\Chrome 84\chromedriver.exe]]>
            </message>
            <full-stacktrace>
              <![CDATA[java.lang.IllegalStateException: The driver executable does not exist: D:\Selenium\Selenium Browsers Jars\Chrome\Chrome 84\chromedriver.exe
at com.google.common.base.Preconditions.checkState(Preconditions.java:585)
at org.openqa.selenium.remote.service.DriverService.checkExecutable(DriverService.java:146)
at org.openqa.selenium.remote.service.DriverService.findExecutable(DriverService.java:141)
at org.openqa.selenium.chrome.ChromeDriverService.access$000(ChromeDriverService.java:35)
at org.openqa.selenium.chrome.ChromeDriverService$Builder.findDefaultExecutable(ChromeDriverService.java:159)
at org.openqa.selenium.remote.service.DriverService$Builder.build(DriverService.java:355)
at org.openqa.selenium.chrome.ChromeDriverService.createDefaultService(ChromeDriverService.java:94)
at org.openqa.selenium.chrome.ChromeDriver.<init>(ChromeDriver.java:123)
at parallelTestNG.MultipleBrowserTest.setUp(MultipleBrowserTest.java:24)
at sun.reflect.NativeMethodAccessorImpl.invoke0(Native Method)
at sun.reflect.NativeMethodAccessorImpl.invoke(NativeMethodAccessorImpl.java:62)
at sun.reflect.DelegatingMethodAccessorImpl.invoke(DelegatingMethodAccessorImpl.java:43)
at java.lang.reflect.Method.invoke(Method.java:498)
at org.testng.internal.MethodInvocationHelper.invokeMethod(MethodInvocationHelper.java:124)
at org.testng.internal.MethodInvocationHelper.invokeMethodConsideringTimeout(MethodInvocationHelper.java:59)
at org.testng.internal.Invoker.invokeConfigurationMethod(Invoker.java:458)
at org.testng.internal.Invoker.invokeConfigurations(Invoker.java:222)
at org.testng.internal.Invoker.invokeConfigurations(Invoker.java:142)
at org.testng.TestRunner.beforeRun(TestRunner.java:529)
at org.testng.TestRunner.run(TestRunner.java:497)
at org.testng.SuiteRunner.runTest(SuiteRunner.java:455)
at org.testng.SuiteRunner.access$000(SuiteRunner.java:40)
at org.testng.SuiteRunner$SuiteWorker.run(SuiteRunner.java:489)
at org.testng.internal.thread.ThreadUtil$1.call(ThreadUtil.java:52)
at java.util.concurrent.FutureTask.run(FutureTask.java:266)
at java.util.concurrent.ThreadPoolExecutor.runWorker(ThreadPoolExecutor.java:1149)
at java.util.concurrent.ThreadPoolExecutor$Worker.run(ThreadPoolExecutor.java:624)
at java.lang.Thread.run(Thread.java:748)
]]>
            </full-stacktrace>
          </exception> <!-- java.lang.IllegalStateException -->
          <reporter-output>
          </reporter-output>
        </test-method> <!-- setUp -->
        <test-method status="SKIP" signature="BrowserTest()[pri:0, instance:parallelTestNG.MultipleBrowserTest@234bef66]" name="BrowserTest" duration-ms="0" started-at="2020-08-11T12:16:52Z" finished-at="2020-08-11T12:16:52Z">
          <exception class="java.lang.IllegalStateException">
            <message>
              <![CDATA[The driver executable does not exist: D:\Selenium\Selenium Browsers Jars\Chrome\Chrome 84\chromedriver.exe]]>
            </message>
            <full-stacktrace>
              <![CDATA[java.lang.IllegalStateException: The driver executable does not exist: D:\Selenium\Selenium Browsers Jars\Chrome\Chrome 84\chromedriver.exe
at com.google.common.base.Preconditions.checkState(Preconditions.java:585)
at org.openqa.selenium.remote.service.DriverService.checkExecutable(DriverService.java:146)
at org.openqa.selenium.remote.service.DriverService.findExecutable(DriverService.java:141)
at org.openqa.selenium.chrome.ChromeDriverService.access$000(ChromeDriverService.java:35)
at org.openqa.selenium.chrome.ChromeDriverService$Builder.findDefaultExecutable(ChromeDriverService.java:159)
at org.openqa.selenium.remote.service.DriverService$Builder.build(DriverService.java:355)
at org.openqa.selenium.chrome.ChromeDriverService.createDefaultService(ChromeDriverService.java:94)
at org.openqa.selenium.chrome.ChromeDriver.<init>(ChromeDriver.java:123)
at parallelTestNG.MultipleBrowserTest.setUp(MultipleBrowserTest.java:24)
at sun.reflect.NativeMethodAccessorImpl.invoke0(Native Method)
at sun.reflect.NativeMethodAccessorImpl.invoke(NativeMethodAccessorImpl.java:62)
at sun.reflect.DelegatingMethodAccessorImpl.invoke(DelegatingMethodAccessorImpl.java:43)
at java.lang.reflect.Method.invoke(Method.java:498)
at org.testng.internal.MethodInvocationHelper.invokeMethod(MethodInvocationHelper.java:124)
at org.testng.internal.MethodInvocationHelper.invokeMethodConsideringTimeout(MethodInvocationHelper.java:59)
at org.testng.internal.Invoker.invokeConfigurationMethod(Invoker.java:458)
at org.testng.internal.Invoker.invokeConfigurations(Invoker.java:222)
at org.testng.internal.Invoker.invokeConfigurations(Invoker.java:142)
at org.testng.TestRunner.beforeRun(TestRunner.java:529)
at org.testng.TestRunner.run(TestRunner.java:497)
at org.testng.SuiteRunner.runTest(SuiteRunner.java:455)
at org.testng.SuiteRunner.access$000(SuiteRunner.java:40)
at org.testng.SuiteRunner$SuiteWorker.run(SuiteRunner.java:489)
at org.testng.internal.thread.ThreadUtil$1.call(ThreadUtil.java:52)
at java.util.concurrent.FutureTask.run(FutureTask.java:266)
at java.util.concurrent.ThreadPoolExecutor.runWorker(ThreadPoolExecutor.java:1149)
at java.util.concurrent.ThreadPoolExecutor$Worker.run(ThreadPoolExecutor.java:624)
at java.lang.Thread.run(Thread.java:748)
]]>
            </full-stacktrace>
          </exception> <!-- java.lang.IllegalStateException -->
          <reporter-output>
          </reporter-output>
        </test-method> <!-- BrowserTest -->
        <test-method status="SKIP" signature="tearDown()[pri:0, instance:parallelTestNG.MultipleBrowserTest@234bef66]" name="tearDown" is-config="true" duration-ms="0" started-at="2020-08-11T12:16:52Z" finished-at="2020-08-11T12:16:52Z">
          <reporter-output>
          </reporter-output>
        </test-method> <!-- tearDown -->
      </class> <!-- parallelTestNG.MultipleBrowserTest -->
    </test> <!-- ChromeBrowser -->
    <test name="IEBrowser" duration-ms="14971" started-at="2020-08-11T12:16:52Z" finished-at="2020-08-11T12:17:07Z">
      <class name="parallelTestNG.MultipleBrowserTest">
        <test-method status="PASS" signature="setUp(java.lang.String)[pri:0, instance:parallelTestNG.MultipleBrowserTest@402f32ff]" name="setUp" is-config="true" duration-ms="4243" started-at="2020-08-11T12:16:52Z" finished-at="2020-08-11T12:16:56Z">
          <params>
            <param index="0">
              <value>
                <![CDATA[ie]]>
              </value>
            </param>
          </params>
          <reporter-output>
          </reporter-output>
        </test-method> <!-- setUp -->
        <test-method status="PASS" signature="BrowserTest()[pri:0, instance:parallelTestNG.MultipleBrowserTest@402f32ff]" name="BrowserTest" duration-ms="10130" started-at="2020-08-11T12:16:56Z" finished-at="2020-08-11T12:17:06Z">
          <reporter-output>
          </reporter-output>
        </test-method> <!-- BrowserTest -->
        <test-method status="PASS" signature="tearDown()[pri:0, instance:parallelTestNG.MultipleBrowserTest@402f32ff]" name="tearDown" is-config="true" duration-ms="596" started-at="2020-08-11T12:17:06Z" finished-at="2020-08-11T12:17:07Z">
          <reporter-output>
          </reporter-output>
        </test-method> <!-- tearDown -->
      </class> <!-- parallelTestNG.MultipleBrowserTest -->
    </test> <!-- IEBrowser -->
    <test name="FirefoxBrowser" duration-ms="29664" started-at="2020-08-11T12:16:52Z" finished-at="2020-08-11T12:17:21Z">
      <class name="parallelTestNG.MultipleBrowserTest">
        <test-method status="PASS" signature="setUp(java.lang.String)[pri:0, instance:parallelTestNG.MultipleBrowserTest@1efbd816]" name="setUp" is-config="true" duration-ms="9706" started-at="2020-08-11T12:16:52Z" finished-at="2020-08-11T12:17:02Z">
          <params>
            <param index="0">
              <value>
                <![CDATA[firefox]]>
              </value>
            </param>
          </params>
          <reporter-output>
          </reporter-output>
        </test-method> <!-- setUp -->
        <test-method status="PASS" signature="BrowserTest()[pri:0, instance:parallelTestNG.MultipleBrowserTest@1efbd816]" name="BrowserTest" duration-ms="12777" started-at="2020-08-11T12:17:02Z" finished-at="2020-08-11T12:17:14Z">
          <reporter-output>
          </reporter-output>
        </test-method> <!-- BrowserTest -->
        <test-method status="PASS" signature="tearDown()[pri:0, instance:parallelTestNG.MultipleBrowserTest@1efbd816]" name="tearDown" is-config="true" duration-ms="7179" started-at="2020-08-11T12:17:14Z" finished-at="2020-08-11T12:17:21Z">
          <reporter-output>
          </reporter-output>
        </test-method> <!-- tearDown -->
      </class> <!-- parallelTestNG.MultipleBrowserTest -->
    </test> <!-- FirefoxBrowser -->
  </suite> <!-- Suite -->
</testng-results>
